<?xml version="1.0" encoding="UTF-8"?>
<testsuite xmlns:xsi="http://www.w3.org/2001/XMLSchema-instance" xsi:noNamespaceSchemaLocation="https://maven.apache.org/surefire/maven-surefire-plugin/xsd/surefire-test-report.xsd" name="calculator.CalculatorTest" time="1.346" tests="12" errors="0" skipped="1" failures="0">
  <properties>
[...]
</properties>
  <testcase name="Multiply4and5_returns20" classname="calculator.CalculatorTest" time="0.458"/>
  <testcase name="add_shouldReturnTheSum_ofMultipleIntegers{int, int, int}[1]" classname="calculator.CalculatorTest" time="0.159"/>
  <testcase name="add_shouldReturnTheSum_ofMultipleIntegers{int, int, int}[2]" classname="calculator.CalculatorTest" time="0.01"/>
  <testcase name="add_shouldReturnTheSum_ofMultipleIntegers{int, int, int}[3]" classname="calculator.CalculatorTest" time="0.012"/>
  <testcase name="Add3and5_returns8" classname="calculator.CalculatorTest" time="0.01"/>
  <testcase name="longCalcul_shouldComputeInLessThan1Second" classname="calculator.CalculatorTest" time="0">
    <skipped message="public void calculator.CalculatorTest.longCalcul_shouldComputeInLessThan1Second() is @Disabled"/>
  </testcase>
  <testcase name="multiply_shouldReturnZero_ofZeroWithMultipleIntegers{int}[1]" classname="calculator.CalculatorTest" time="0.007"/>
  <testcase name="multiply_shouldReturnZero_ofZeroWithMultipleIntegers{int}[2]" classname="calculator.CalculatorTest" time="0.015"/>
  <testcase name="multiply_shouldReturnZero_ofZeroWithMultipleIntegers{int}[3]" classname="calculator.CalculatorTest" time="0.061"/>
  <testcase name="multiply_shouldReturnZero_ofZeroWithMultipleIntegers{int}[4]" classname="calculator.CalculatorTest" time="0.002"/>
  <testcase name="multiply_shouldReturnZero_ofZeroWithMultipleIntegers{int}[5]" classname="calculator.CalculatorTest" time="0.004"/>
  <testcase name="listDigit_shouldReturnsTheListOfDigits_ofPositiveInteger" classname="calculator.CalculatorTest" time="0.041"/>
</testsuite>